\BOOKMARK [0][]{titlepage.0}{\376\377\134\001\227\142}{}% 1
\BOOKMARK [0][]{entitlepage.0}{\376\377\000T\000i\000t\000l\000e\000\040\000p\000a\000g\000e}{}% 2
\BOOKMARK [0][]{statement.0}{\376\377\123\237\122\033\140\047\130\360\146\016}{}% 3
\BOOKMARK [0][]{chapter*.2}{\376\377\144\130\211\201}{}% 4
\BOOKMARK [0][]{chapter*.3}{\376\377\000A\000b\000s\000t\000r\000a\000c\000t}{}% 5
\BOOKMARK [0][]{chapter*.4}{\376\377\143\322\126\376\175\042\137\025}{}% 6
\BOOKMARK [0][]{chapter*.5}{\376\377\226\104\210\150\175\042\137\025}{}% 7
\BOOKMARK [0][]{chapter.1}{\376\377\173\054\0001\172\340\000\040\000\040\176\352\213\272}{}% 8
\BOOKMARK [1][-]{section.1.1}{\376\377\0001\000.\0001\000\040\163\257\135\362\160\367\232\330\123\213\154\047\123\026\155\262\116\055\221\157\174\173\060\001\217\307\154\047\123\026\162\151\166\204\154\024\166\370\202\162\214\061\122\006\147\220\170\024\172\166}{chapter.1}% 9
\BOOKMARK [2][-]{subsection.1.1.1}{\376\377\0001\000.\0001\000.\0001\000\040\154\024\166\370\202\162\214\061\154\325\147\000\145\260\217\333\134\125}{section.1.1}% 10
\BOOKMARK [0][]{chapter.2}{\376\377\173\054\0002\172\340\000\040\000\040\163\257\135\362\160\367\232\330\123\213\154\047\123\026\155\262\116\055\221\157\124\214\217\307\154\047\123\026\162\151\166\204\145\142\166\370\202\162\214\061\122\006\147\220}{}% 11
\BOOKMARK [1][-]{section.2.1}{\376\377\0002\000.\0001\000\040\154\024\166\370\202\162\214\061\127\372\147\054\164\006\213\272\127\050\221\157\060\001\217\307\154\047\123\026\162\151\122\006\147\220\116\055\166\204\136\224\165\050}{chapter.2}% 12
\BOOKMARK [2][-]{subsection.2.1.1}{\376\377\0002\000.\0001\000.\0001\000\040\154\024\166\370\202\162\214\061\126\372\133\232\166\370\166\204\220\011\142\351}{section.2.1}% 13
\BOOKMARK [2][-]{subsection.2.1.2}{\376\377\0002\000.\0001\000.\0002\000\040\173\054\116\214\134\017\202\202}{section.2.1}% 14
\BOOKMARK [2][-]{subsection.2.1.3}{\376\377\0002\000.\0001\000.\0003\000\040\173\054\116\011\134\017\202\202}{section.2.1}% 15
\BOOKMARK [0][]{chapter*.8}{\376\377\140\073\176\323\116\016\134\125\147\033}{}% 16
\BOOKMARK [0][]{chapter*.9}{\376\377\123\302\200\003\145\207\163\056}{}% 17
\BOOKMARK [0][]{chapter*.10}{\376\377\201\364\214\042}{}% 18
\BOOKMARK [0][]{appendix*.11}{\376\377\226\104\137\125\000A\000\040\145\073\213\373\133\146\117\115\147\037\225\364\142\100\123\321\210\150\166\204\133\146\147\057\213\272\145\207\166\356\137\125}{}% 19
\BOOKMARK [0][]{appendix*.12}{\376\377\226\104\137\125\000B\000\040\123\302\122\240\171\321\170\024\230\171\166\356\140\305\121\265}{}% 20
